<?xml version="1.0" encoding="UTF-8"?>
<!-- Generated by org.testng.reporters.JUnitReportReporter -->
<testsuite hostname="Prasad" failures="0" tests="2" name="Squar.Framwork.E2ETest2" time="10.963" errors="0" timestamp="2024-07-17T20:26:52 IST" skipped="0">
  <testcase classname="Squar.Framwork.E2ETest2" name="endToEndTest" time="5.766"/>
  <system-out/>
  <testcase classname="Squar.Framwork.E2ETest2" name="endToEndTest" time="5.197"/>
  <system-out/>
</testsuite> <!-- Squar.Framwork.E2ETest2 -->
