<?xml version="1.0" encoding="UTF-8"?>
<!-- Generated by org.testng.reporters.JUnitReportReporter -->
<testsuite hostname="Prasad" failures="0" tests="1" name="Squar.Framwork.E2ETest" time="4.599" errors="0" timestamp="2024-07-17T17:34:42 IST" skipped="0">
  <testcase classname="Squar.Framwork.E2ETest" name="endToEndTest" time="4.599"/>
  <system-out/>
</testsuite> <!-- Squar.Framwork.E2ETest -->
