<?xml version="1.0" encoding="UTF-8"?>
<!-- Generated by org.testng.reporters.JUnitReportReporter -->
<testsuite hostname="Prasad" failures="0" tests="2" name="Squar.Framwork.E2ETest2" time="8.024" errors="0" timestamp="2024-07-18T14:02:06 IST" skipped="0">
  <testcase classname="Squar.Framwork.E2ETest2" name="endToEndTest" time="3.783"/>
  <testcase classname="Squar.Framwork.E2ETest2" name="endToEndTest" time="4.241"/>
</testsuite> <!-- Squar.Framwork.E2ETest2 -->
